Compiling the CXX compiler identification source file "CMakeCXXCompilerId.cpp" failed.
Compiler: /home/holmes/clang+llvm-16.0.0-x86_64-linux-gnu-ubuntu-18.04/bin/clang++ 
Build flags: -std=c++17
Id flags:  

The output was:
1
/usr/bin/ld: 找不到 -lstdc++: 没有那个文件或目录
clang-16: error: linker command failed with exit code 1 (use -v to see invocation)


Detecting CXX compiler ABI info failed to compile with the following output:
Change Dir: /home/holmes/Cpp/demo/build/CMakeFiles/CMakeTmp

Run Build Command(s):/usr/bin/gmake -f Makefile cmTC_d95b2/fast && /usr/bin/gmake  -f CMakeFiles/cmTC_d95b2.dir/build.make CMakeFiles/cmTC_d95b2.dir/build
gmake[1]: Entering directory '/home/holmes/Cpp/demo/build/CMakeFiles/CMakeTmp'
Building CXX object CMakeFiles/cmTC_d95b2.dir/CMakeCXXCompilerABI.cpp.o
/home/holmes/clang+llvm-16.0.0-x86_64-linux-gnu-ubuntu-18.04/bin/clang++   -std=c++17    -v -MD -MT CMakeFiles/cmTC_d95b2.dir/CMakeCXXCompilerABI.cpp.o -MF CMakeFiles/cmTC_d95b2.dir/CMakeCXXCompilerABI.cpp.o.d -o CMakeFiles/cmTC_d95b2.dir/CMakeCXXCompilerABI.cpp.o -c /usr/share/cmake-3.24/Modules/CMakeCXXCompilerABI.cpp
clang version 16.0.0
Target: x86_64-unknown-linux-gnu
Thread model: posix
InstalledDir: /home/holmes/clang+llvm-16.0.0-x86_64-linux-gnu-ubuntu-18.04/bin
Found candidate GCC installation: /usr/lib/gcc/x86_64-linux-gnu/12
Selected GCC installation: /usr/lib/gcc/x86_64-linux-gnu/12
Candidate multilib: .;@m64
Selected multilib: .;@m64
 (in-process)
 "/home/holmes/clang+llvm-16.0.0-x86_64-linux-gnu-ubuntu-18.04/bin/clang-16" -cc1 -triple x86_64-unknown-linux-gnu -emit-obj -mrelax-all -disable-free -clear-ast-before-backend -disable-llvm-verifier -discard-value-names -main-file-name CMakeCXXCompilerABI.cpp -mrelocation-model pic -pic-level 2 -pic-is-pie -mframe-pointer=all -fmath-errno -ffp-contract=on -fno-rounding-math -mconstructor-aliases -funwind-tables=2 -target-cpu x86-64 -tune-cpu generic -mllvm -treat-scalable-fixed-error-as-warning -debugger-tuning=gdb -v -fcoverage-compilation-dir=/home/holmes/Cpp/demo/build/CMakeFiles/CMakeTmp -resource-dir /home/holmes/clang+llvm-16.0.0-x86_64-linux-gnu-ubuntu-18.04/lib/clang/16 -dependency-file CMakeFiles/cmTC_d95b2.dir/CMakeCXXCompilerABI.cpp.o.d -MT CMakeFiles/cmTC_d95b2.dir/CMakeCXXCompilerABI.cpp.o -sys-header-deps -internal-isystem /home/holmes/clang+llvm-16.0.0-x86_64-linux-gnu-ubuntu-18.04/lib/clang/16/include -internal-isystem /usr/local/include -internal-isystem /usr/lib/gcc/x86_64-linux-gnu/12/../../../../x86_64-linux-gnu/include -internal-externc-isystem /usr/include/x86_64-linux-gnu -internal-externc-isystem /include -internal-externc-isystem /usr/include -std=c++17 -fdeprecated-macro -fdebug-compilation-dir=/home/holmes/Cpp/demo/build/CMakeFiles/CMakeTmp -ferror-limit 19 -fgnuc-version=4.2.1 -fcxx-exceptions -fexceptions -faddrsig -D__GCC_HAVE_DWARF2_CFI_ASM=1 -o CMakeFiles/cmTC_d95b2.dir/CMakeCXXCompilerABI.cpp.o -x c++ /usr/share/cmake-3.24/Modules/CMakeCXXCompilerABI.cpp
clang -cc1 version 16.0.0 based upon LLVM 16.0.0 default target x86_64-unknown-linux-gnu
ignoring nonexistent directory "/usr/lib/gcc/x86_64-linux-gnu/12/../../../../x86_64-linux-gnu/include"
ignoring nonexistent directory "/include"
#include "..." search starts here:
#include <...> search starts here:
 /home/holmes/clang+llvm-16.0.0-x86_64-linux-gnu-ubuntu-18.04/lib/clang/16/include
 /usr/local/include
 /usr/include/x86_64-linux-gnu
 /usr/include
End of search list.
Linking CXX executable cmTC_d95b2
/usr/bin/cmake -E cmake_link_script CMakeFiles/cmTC_d95b2.dir/link.txt --verbose=1
/home/holmes/clang+llvm-16.0.0-x86_64-linux-gnu-ubuntu-18.04/bin/clang++ -std=c++17   -v -rdynamic CMakeFiles/cmTC_d95b2.dir/CMakeCXXCompilerABI.cpp.o -o cmTC_d95b2 
clang version 16.0.0
Target: x86_64-unknown-linux-gnu
Thread model: posix
InstalledDir: /home/holmes/clang+llvm-16.0.0-x86_64-linux-gnu-ubuntu-18.04/bin
Found candidate GCC installation: /usr/lib/gcc/x86_64-linux-gnu/12
Selected GCC installation: /usr/lib/gcc/x86_64-linux-gnu/12
Candidate multilib: .;@m64
Selected multilib: .;@m64
 "/usr/bin/ld" -pie -export-dynamic -z relro --hash-style=gnu --eh-frame-hdr -m elf_x86_64 -export-dynamic -dynamic-linker /lib64/ld-linux-x86-64.so.2 -o cmTC_d95b2 /lib/x86_64-linux-gnu/Scrt1.o /lib/x86_64-linux-gnu/crti.o /usr/lib/gcc/x86_64-linux-gnu/12/crtbeginS.o -L/home/holmes/clang+llvm-16.0.0-x86_64-linux-gnu-ubuntu-18.04/bin/../lib/x86_64-unknown-linux-gnu -L/usr/lib/gcc/x86_64-linux-gnu/12 -L/usr/lib/gcc/x86_64-linux-gnu/12/../../../../lib64 -L/lib/x86_64-linux-gnu -L/lib/../lib64 -L/usr/lib/x86_64-linux-gnu -L/usr/lib/../lib64 -L/lib -L/usr/lib CMakeFiles/cmTC_d95b2.dir/CMakeCXXCompilerABI.cpp.o -lstdc++ -lm -lgcc_s -lgcc -lc -lgcc_s -lgcc /usr/lib/gcc/x86_64-linux-gnu/12/crtendS.o /lib/x86_64-linux-gnu/crtn.o
/usr/bin/ld: cannot find -lstdc++: No such file or directory
clang-16: error: linker command failed with exit code 1 (use -v to see invocation)
gmake[1]: *** [CMakeFiles/cmTC_d95b2.dir/build.make:100: cmTC_d95b2] Error 1
gmake[1]: Leaving directory '/home/holmes/Cpp/demo/build/CMakeFiles/CMakeTmp'
gmake: *** [Makefile:127: cmTC_d95b2/fast] Error 2




Determining if the CXX compiler works failed with the following output:
Change Dir: /home/holmes/Cpp/demo/build/CMakeFiles/CMakeTmp

Run Build Command(s):/usr/bin/gmake -f Makefile cmTC_d6bdc/fast && /usr/bin/gmake  -f CMakeFiles/cmTC_d6bdc.dir/build.make CMakeFiles/cmTC_d6bdc.dir/build
gmake[1]: 进入目录“/home/holmes/Cpp/demo/build/CMakeFiles/CMakeTmp”
Building CXX object CMakeFiles/cmTC_d6bdc.dir/testCXXCompiler.cxx.o
/home/holmes/clang+llvm-16.0.0-x86_64-linux-gnu-ubuntu-18.04/bin/clang++   -std=c++17  -MD -MT CMakeFiles/cmTC_d6bdc.dir/testCXXCompiler.cxx.o -MF CMakeFiles/cmTC_d6bdc.dir/testCXXCompiler.cxx.o.d -o CMakeFiles/cmTC_d6bdc.dir/testCXXCompiler.cxx.o -c /home/holmes/Cpp/demo/build/CMakeFiles/CMakeTmp/testCXXCompiler.cxx
Linking CXX executable cmTC_d6bdc
/usr/bin/cmake -E cmake_link_script CMakeFiles/cmTC_d6bdc.dir/link.txt --verbose=1
/home/holmes/clang+llvm-16.0.0-x86_64-linux-gnu-ubuntu-18.04/bin/clang++ -std=c++17  -rdynamic CMakeFiles/cmTC_d6bdc.dir/testCXXCompiler.cxx.o -o cmTC_d6bdc 
/usr/bin/ld: 找不到 -lstdc++: 没有那个文件或目录
clang-16: error: linker command failed with exit code 1 (use -v to see invocation)
gmake[1]: *** [CMakeFiles/cmTC_d6bdc.dir/build.make:100：cmTC_d6bdc] 错误 1
gmake[1]: 离开目录“/home/holmes/Cpp/demo/build/CMakeFiles/CMakeTmp”
gmake: *** [Makefile:127：cmTC_d6bdc/fast] 错误 2



Compiling the CXX compiler identification source file "CMakeCXXCompilerId.cpp" failed.
Compiler: /home/holmes/clang+llvm-16.0.0-x86_64-linux-gnu-ubuntu-18.04/bin/clang++ 
Build flags: -std=c++17
Id flags:  

The output was:
1
/usr/bin/ld: 找不到 -lstdc++: 没有那个文件或目录
clang-16: error: linker command failed with exit code 1 (use -v to see invocation)


Detecting CXX compiler ABI info failed to compile with the following output:
Change Dir: /home/holmes/Cpp/demo/build/CMakeFiles/CMakeTmp

Run Build Command(s):/usr/bin/gmake -f Makefile cmTC_e4f76/fast && /usr/bin/gmake  -f CMakeFiles/cmTC_e4f76.dir/build.make CMakeFiles/cmTC_e4f76.dir/build
gmake[1]: Entering directory '/home/holmes/Cpp/demo/build/CMakeFiles/CMakeTmp'
Building CXX object CMakeFiles/cmTC_e4f76.dir/CMakeCXXCompilerABI.cpp.o
/home/holmes/clang+llvm-16.0.0-x86_64-linux-gnu-ubuntu-18.04/bin/clang++   -std=c++17    -v -MD -MT CMakeFiles/cmTC_e4f76.dir/CMakeCXXCompilerABI.cpp.o -MF CMakeFiles/cmTC_e4f76.dir/CMakeCXXCompilerABI.cpp.o.d -o CMakeFiles/cmTC_e4f76.dir/CMakeCXXCompilerABI.cpp.o -c /usr/share/cmake-3.24/Modules/CMakeCXXCompilerABI.cpp
clang version 16.0.0
Target: x86_64-unknown-linux-gnu
Thread model: posix
InstalledDir: /home/holmes/clang+llvm-16.0.0-x86_64-linux-gnu-ubuntu-18.04/bin
Found candidate GCC installation: /usr/lib/gcc/x86_64-linux-gnu/12
Selected GCC installation: /usr/lib/gcc/x86_64-linux-gnu/12
Candidate multilib: .;@m64
Selected multilib: .;@m64
 (in-process)
 "/home/holmes/clang+llvm-16.0.0-x86_64-linux-gnu-ubuntu-18.04/bin/clang-16" -cc1 -triple x86_64-unknown-linux-gnu -emit-obj -mrelax-all -disable-free -clear-ast-before-backend -disable-llvm-verifier -discard-value-names -main-file-name CMakeCXXCompilerABI.cpp -mrelocation-model pic -pic-level 2 -pic-is-pie -mframe-pointer=all -fmath-errno -ffp-contract=on -fno-rounding-math -mconstructor-aliases -funwind-tables=2 -target-cpu x86-64 -tune-cpu generic -mllvm -treat-scalable-fixed-error-as-warning -debugger-tuning=gdb -v -fcoverage-compilation-dir=/home/holmes/Cpp/demo/build/CMakeFiles/CMakeTmp -resource-dir /home/holmes/clang+llvm-16.0.0-x86_64-linux-gnu-ubuntu-18.04/lib/clang/16 -dependency-file CMakeFiles/cmTC_e4f76.dir/CMakeCXXCompilerABI.cpp.o.d -MT CMakeFiles/cmTC_e4f76.dir/CMakeCXXCompilerABI.cpp.o -sys-header-deps -internal-isystem /home/holmes/clang+llvm-16.0.0-x86_64-linux-gnu-ubuntu-18.04/lib/clang/16/include -internal-isystem /usr/local/include -internal-isystem /usr/lib/gcc/x86_64-linux-gnu/12/../../../../x86_64-linux-gnu/include -internal-externc-isystem /usr/include/x86_64-linux-gnu -internal-externc-isystem /include -internal-externc-isystem /usr/include -std=c++17 -fdeprecated-macro -fdebug-compilation-dir=/home/holmes/Cpp/demo/build/CMakeFiles/CMakeTmp -ferror-limit 19 -fgnuc-version=4.2.1 -fcxx-exceptions -fexceptions -faddrsig -D__GCC_HAVE_DWARF2_CFI_ASM=1 -o CMakeFiles/cmTC_e4f76.dir/CMakeCXXCompilerABI.cpp.o -x c++ /usr/share/cmake-3.24/Modules/CMakeCXXCompilerABI.cpp
clang -cc1 version 16.0.0 based upon LLVM 16.0.0 default target x86_64-unknown-linux-gnu
ignoring nonexistent directory "/usr/lib/gcc/x86_64-linux-gnu/12/../../../../x86_64-linux-gnu/include"
ignoring nonexistent directory "/include"
#include "..." search starts here:
#include <...> search starts here:
 /home/holmes/clang+llvm-16.0.0-x86_64-linux-gnu-ubuntu-18.04/lib/clang/16/include
 /usr/local/include
 /usr/include/x86_64-linux-gnu
 /usr/include
End of search list.
Linking CXX executable cmTC_e4f76
/usr/bin/cmake -E cmake_link_script CMakeFiles/cmTC_e4f76.dir/link.txt --verbose=1
/home/holmes/clang+llvm-16.0.0-x86_64-linux-gnu-ubuntu-18.04/bin/clang++ -std=c++17   -v -rdynamic CMakeFiles/cmTC_e4f76.dir/CMakeCXXCompilerABI.cpp.o -o cmTC_e4f76 
clang version 16.0.0
Target: x86_64-unknown-linux-gnu
Thread model: posix
InstalledDir: /home/holmes/clang+llvm-16.0.0-x86_64-linux-gnu-ubuntu-18.04/bin
Found candidate GCC installation: /usr/lib/gcc/x86_64-linux-gnu/12
Selected GCC installation: /usr/lib/gcc/x86_64-linux-gnu/12
Candidate multilib: .;@m64
Selected multilib: .;@m64
 "/usr/bin/ld" -pie -export-dynamic -z relro --hash-style=gnu --eh-frame-hdr -m elf_x86_64 -export-dynamic -dynamic-linker /lib64/ld-linux-x86-64.so.2 -o cmTC_e4f76 /lib/x86_64-linux-gnu/Scrt1.o /lib/x86_64-linux-gnu/crti.o /usr/lib/gcc/x86_64-linux-gnu/12/crtbeginS.o -L/home/holmes/clang+llvm-16.0.0-x86_64-linux-gnu-ubuntu-18.04/bin/../lib/x86_64-unknown-linux-gnu -L/usr/lib/gcc/x86_64-linux-gnu/12 -L/usr/lib/gcc/x86_64-linux-gnu/12/../../../../lib64 -L/lib/x86_64-linux-gnu -L/lib/../lib64 -L/usr/lib/x86_64-linux-gnu -L/usr/lib/../lib64 -L/lib -L/usr/lib CMakeFiles/cmTC_e4f76.dir/CMakeCXXCompilerABI.cpp.o -lstdc++ -lm -lgcc_s -lgcc -lc -lgcc_s -lgcc /usr/lib/gcc/x86_64-linux-gnu/12/crtendS.o /lib/x86_64-linux-gnu/crtn.o
/usr/bin/ld: cannot find -lstdc++: No such file or directory
clang-16: error: linker command failed with exit code 1 (use -v to see invocation)
gmake[1]: *** [CMakeFiles/cmTC_e4f76.dir/build.make:100: cmTC_e4f76] Error 1
gmake[1]: Leaving directory '/home/holmes/Cpp/demo/build/CMakeFiles/CMakeTmp'
gmake: *** [Makefile:127: cmTC_e4f76/fast] Error 2




Determining if the CXX compiler works failed with the following output:
Change Dir: /home/holmes/Cpp/demo/build/CMakeFiles/CMakeTmp

Run Build Command(s):/usr/bin/gmake -f Makefile cmTC_6ecb1/fast && /usr/bin/gmake  -f CMakeFiles/cmTC_6ecb1.dir/build.make CMakeFiles/cmTC_6ecb1.dir/build
gmake[1]: 进入目录“/home/holmes/Cpp/demo/build/CMakeFiles/CMakeTmp”
Building CXX object CMakeFiles/cmTC_6ecb1.dir/testCXXCompiler.cxx.o
/home/holmes/clang+llvm-16.0.0-x86_64-linux-gnu-ubuntu-18.04/bin/clang++   -std=c++17  -MD -MT CMakeFiles/cmTC_6ecb1.dir/testCXXCompiler.cxx.o -MF CMakeFiles/cmTC_6ecb1.dir/testCXXCompiler.cxx.o.d -o CMakeFiles/cmTC_6ecb1.dir/testCXXCompiler.cxx.o -c /home/holmes/Cpp/demo/build/CMakeFiles/CMakeTmp/testCXXCompiler.cxx
Linking CXX executable cmTC_6ecb1
/usr/bin/cmake -E cmake_link_script CMakeFiles/cmTC_6ecb1.dir/link.txt --verbose=1
/home/holmes/clang+llvm-16.0.0-x86_64-linux-gnu-ubuntu-18.04/bin/clang++ -std=c++17  -rdynamic CMakeFiles/cmTC_6ecb1.dir/testCXXCompiler.cxx.o -o cmTC_6ecb1 
/usr/bin/ld: 找不到 -lstdc++: 没有那个文件或目录
clang-16: error: linker command failed with exit code 1 (use -v to see invocation)
gmake[1]: *** [CMakeFiles/cmTC_6ecb1.dir/build.make:100：cmTC_6ecb1] 错误 1
gmake[1]: 离开目录“/home/holmes/Cpp/demo/build/CMakeFiles/CMakeTmp”
gmake: *** [Makefile:127：cmTC_6ecb1/fast] 错误 2



Compiling the CXX compiler identification source file "CMakeCXXCompilerId.cpp" failed.
Compiler: /home/holmes/clang+llvm-16.0.0-x86_64-linux-gnu-ubuntu-18.04/bin/clang++ 
Build flags: -std=c++17
Id flags:  

The output was:
1
/usr/bin/ld: 找不到 -lstdc++: 没有那个文件或目录
clang-16: error: linker command failed with exit code 1 (use -v to see invocation)


Detecting CXX compiler ABI info failed to compile with the following output:
Change Dir: /home/holmes/Cpp/demo/build/CMakeFiles/CMakeTmp

Run Build Command(s):/usr/bin/gmake -f Makefile cmTC_c634e/fast && /usr/bin/gmake  -f CMakeFiles/cmTC_c634e.dir/build.make CMakeFiles/cmTC_c634e.dir/build
gmake[1]: Entering directory '/home/holmes/Cpp/demo/build/CMakeFiles/CMakeTmp'
Building CXX object CMakeFiles/cmTC_c634e.dir/CMakeCXXCompilerABI.cpp.o
/home/holmes/clang+llvm-16.0.0-x86_64-linux-gnu-ubuntu-18.04/bin/clang++   -std=c++17    -v -MD -MT CMakeFiles/cmTC_c634e.dir/CMakeCXXCompilerABI.cpp.o -MF CMakeFiles/cmTC_c634e.dir/CMakeCXXCompilerABI.cpp.o.d -o CMakeFiles/cmTC_c634e.dir/CMakeCXXCompilerABI.cpp.o -c /usr/share/cmake-3.24/Modules/CMakeCXXCompilerABI.cpp
clang version 16.0.0
Target: x86_64-unknown-linux-gnu
Thread model: posix
InstalledDir: /home/holmes/clang+llvm-16.0.0-x86_64-linux-gnu-ubuntu-18.04/bin
Found candidate GCC installation: /usr/lib/gcc/x86_64-linux-gnu/12
Selected GCC installation: /usr/lib/gcc/x86_64-linux-gnu/12
Candidate multilib: .;@m64
Selected multilib: .;@m64
 (in-process)
 "/home/holmes/clang+llvm-16.0.0-x86_64-linux-gnu-ubuntu-18.04/bin/clang-16" -cc1 -triple x86_64-unknown-linux-gnu -emit-obj -mrelax-all -disable-free -clear-ast-before-backend -disable-llvm-verifier -discard-value-names -main-file-name CMakeCXXCompilerABI.cpp -mrelocation-model pic -pic-level 2 -pic-is-pie -mframe-pointer=all -fmath-errno -ffp-contract=on -fno-rounding-math -mconstructor-aliases -funwind-tables=2 -target-cpu x86-64 -tune-cpu generic -mllvm -treat-scalable-fixed-error-as-warning -debugger-tuning=gdb -v -fcoverage-compilation-dir=/home/holmes/Cpp/demo/build/CMakeFiles/CMakeTmp -resource-dir /home/holmes/clang+llvm-16.0.0-x86_64-linux-gnu-ubuntu-18.04/lib/clang/16 -dependency-file CMakeFiles/cmTC_c634e.dir/CMakeCXXCompilerABI.cpp.o.d -MT CMakeFiles/cmTC_c634e.dir/CMakeCXXCompilerABI.cpp.o -sys-header-deps -internal-isystem /home/holmes/clang+llvm-16.0.0-x86_64-linux-gnu-ubuntu-18.04/lib/clang/16/include -internal-isystem /usr/local/include -internal-isystem /usr/lib/gcc/x86_64-linux-gnu/12/../../../../x86_64-linux-gnu/include -internal-externc-isystem /usr/include/x86_64-linux-gnu -internal-externc-isystem /include -internal-externc-isystem /usr/include -std=c++17 -fdeprecated-macro -fdebug-compilation-dir=/home/holmes/Cpp/demo/build/CMakeFiles/CMakeTmp -ferror-limit 19 -fgnuc-version=4.2.1 -fcxx-exceptions -fexceptions -faddrsig -D__GCC_HAVE_DWARF2_CFI_ASM=1 -o CMakeFiles/cmTC_c634e.dir/CMakeCXXCompilerABI.cpp.o -x c++ /usr/share/cmake-3.24/Modules/CMakeCXXCompilerABI.cpp
clang -cc1 version 16.0.0 based upon LLVM 16.0.0 default target x86_64-unknown-linux-gnu
ignoring nonexistent directory "/usr/lib/gcc/x86_64-linux-gnu/12/../../../../x86_64-linux-gnu/include"
ignoring nonexistent directory "/include"
#include "..." search starts here:
#include <...> search starts here:
 /home/holmes/clang+llvm-16.0.0-x86_64-linux-gnu-ubuntu-18.04/lib/clang/16/include
 /usr/local/include
 /usr/include/x86_64-linux-gnu
 /usr/include
End of search list.
Linking CXX executable cmTC_c634e
/usr/bin/cmake -E cmake_link_script CMakeFiles/cmTC_c634e.dir/link.txt --verbose=1
/home/holmes/clang+llvm-16.0.0-x86_64-linux-gnu-ubuntu-18.04/bin/clang++ -std=c++17   -v -rdynamic CMakeFiles/cmTC_c634e.dir/CMakeCXXCompilerABI.cpp.o -o cmTC_c634e 
clang version 16.0.0
Target: x86_64-unknown-linux-gnu
Thread model: posix
InstalledDir: /home/holmes/clang+llvm-16.0.0-x86_64-linux-gnu-ubuntu-18.04/bin
Found candidate GCC installation: /usr/lib/gcc/x86_64-linux-gnu/12
Selected GCC installation: /usr/lib/gcc/x86_64-linux-gnu/12
Candidate multilib: .;@m64
Selected multilib: .;@m64
 "/usr/bin/ld" -pie -export-dynamic -z relro --hash-style=gnu --eh-frame-hdr -m elf_x86_64 -export-dynamic -dynamic-linker /lib64/ld-linux-x86-64.so.2 -o cmTC_c634e /lib/x86_64-linux-gnu/Scrt1.o /lib/x86_64-linux-gnu/crti.o /usr/lib/gcc/x86_64-linux-gnu/12/crtbeginS.o -L/home/holmes/clang+llvm-16.0.0-x86_64-linux-gnu-ubuntu-18.04/bin/../lib/x86_64-unknown-linux-gnu -L/usr/lib/gcc/x86_64-linux-gnu/12 -L/usr/lib/gcc/x86_64-linux-gnu/12/../../../../lib64 -L/lib/x86_64-linux-gnu -L/lib/../lib64 -L/usr/lib/x86_64-linux-gnu -L/usr/lib/../lib64 -L/lib -L/usr/lib CMakeFiles/cmTC_c634e.dir/CMakeCXXCompilerABI.cpp.o -lstdc++ -lm -lgcc_s -lgcc -lc -lgcc_s -lgcc /usr/lib/gcc/x86_64-linux-gnu/12/crtendS.o /lib/x86_64-linux-gnu/crtn.o
/usr/bin/ld: cannot find -lstdc++: No such file or directory
clang-16: error: linker command failed with exit code 1 (use -v to see invocation)
gmake[1]: *** [CMakeFiles/cmTC_c634e.dir/build.make:100: cmTC_c634e] Error 1
gmake[1]: Leaving directory '/home/holmes/Cpp/demo/build/CMakeFiles/CMakeTmp'
gmake: *** [Makefile:127: cmTC_c634e/fast] Error 2




Determining if the CXX compiler works failed with the following output:
Change Dir: /home/holmes/Cpp/demo/build/CMakeFiles/CMakeTmp

Run Build Command(s):/usr/bin/gmake -f Makefile cmTC_5013a/fast && /usr/bin/gmake  -f CMakeFiles/cmTC_5013a.dir/build.make CMakeFiles/cmTC_5013a.dir/build
gmake[1]: 进入目录“/home/holmes/Cpp/demo/build/CMakeFiles/CMakeTmp”
Building CXX object CMakeFiles/cmTC_5013a.dir/testCXXCompiler.cxx.o
/home/holmes/clang+llvm-16.0.0-x86_64-linux-gnu-ubuntu-18.04/bin/clang++   -std=c++17  -MD -MT CMakeFiles/cmTC_5013a.dir/testCXXCompiler.cxx.o -MF CMakeFiles/cmTC_5013a.dir/testCXXCompiler.cxx.o.d -o CMakeFiles/cmTC_5013a.dir/testCXXCompiler.cxx.o -c /home/holmes/Cpp/demo/build/CMakeFiles/CMakeTmp/testCXXCompiler.cxx
Linking CXX executable cmTC_5013a
/usr/bin/cmake -E cmake_link_script CMakeFiles/cmTC_5013a.dir/link.txt --verbose=1
/home/holmes/clang+llvm-16.0.0-x86_64-linux-gnu-ubuntu-18.04/bin/clang++ -std=c++17  -rdynamic CMakeFiles/cmTC_5013a.dir/testCXXCompiler.cxx.o -o cmTC_5013a 
/usr/bin/ld: 找不到 -lstdc++: 没有那个文件或目录
clang-16: error: linker command failed with exit code 1 (use -v to see invocation)
gmake[1]: *** [CMakeFiles/cmTC_5013a.dir/build.make:100：cmTC_5013a] 错误 1
gmake[1]: 离开目录“/home/holmes/Cpp/demo/build/CMakeFiles/CMakeTmp”
gmake: *** [Makefile:127：cmTC_5013a/fast] 错误 2



Compiling the CXX compiler identification source file "CMakeCXXCompilerId.cpp" failed.
Compiler: /home/holmes/clang+llvm-16.0.0-x86_64-linux-gnu-ubuntu-18.04/bin/clang++ 
Build flags: -std=c++17
Id flags:  

The output was:
1
/usr/bin/ld: 找不到 -lstdc++: 没有那个文件或目录
clang-16: error: linker command failed with exit code 1 (use -v to see invocation)


Detecting CXX compiler ABI info failed to compile with the following output:
Change Dir: /home/holmes/Cpp/demo/build/CMakeFiles/CMakeTmp

Run Build Command(s):/usr/bin/gmake -f Makefile cmTC_cedba/fast && /usr/bin/gmake  -f CMakeFiles/cmTC_cedba.dir/build.make CMakeFiles/cmTC_cedba.dir/build
gmake[1]: Entering directory '/home/holmes/Cpp/demo/build/CMakeFiles/CMakeTmp'
Building CXX object CMakeFiles/cmTC_cedba.dir/CMakeCXXCompilerABI.cpp.o
/home/holmes/clang+llvm-16.0.0-x86_64-linux-gnu-ubuntu-18.04/bin/clang++   -std=c++17    -v -MD -MT CMakeFiles/cmTC_cedba.dir/CMakeCXXCompilerABI.cpp.o -MF CMakeFiles/cmTC_cedba.dir/CMakeCXXCompilerABI.cpp.o.d -o CMakeFiles/cmTC_cedba.dir/CMakeCXXCompilerABI.cpp.o -c /usr/share/cmake-3.24/Modules/CMakeCXXCompilerABI.cpp
clang version 16.0.0
Target: x86_64-unknown-linux-gnu
Thread model: posix
InstalledDir: /home/holmes/clang+llvm-16.0.0-x86_64-linux-gnu-ubuntu-18.04/bin
Found candidate GCC installation: /usr/lib/gcc/x86_64-linux-gnu/12
Selected GCC installation: /usr/lib/gcc/x86_64-linux-gnu/12
Candidate multilib: .;@m64
Selected multilib: .;@m64
 (in-process)
 "/home/holmes/clang+llvm-16.0.0-x86_64-linux-gnu-ubuntu-18.04/bin/clang-16" -cc1 -triple x86_64-unknown-linux-gnu -emit-obj -mrelax-all -disable-free -clear-ast-before-backend -disable-llvm-verifier -discard-value-names -main-file-name CMakeCXXCompilerABI.cpp -mrelocation-model pic -pic-level 2 -pic-is-pie -mframe-pointer=all -fmath-errno -ffp-contract=on -fno-rounding-math -mconstructor-aliases -funwind-tables=2 -target-cpu x86-64 -tune-cpu generic -mllvm -treat-scalable-fixed-error-as-warning -debugger-tuning=gdb -v -fcoverage-compilation-dir=/home/holmes/Cpp/demo/build/CMakeFiles/CMakeTmp -resource-dir /home/holmes/clang+llvm-16.0.0-x86_64-linux-gnu-ubuntu-18.04/lib/clang/16 -dependency-file CMakeFiles/cmTC_cedba.dir/CMakeCXXCompilerABI.cpp.o.d -MT CMakeFiles/cmTC_cedba.dir/CMakeCXXCompilerABI.cpp.o -sys-header-deps -internal-isystem /home/holmes/clang+llvm-16.0.0-x86_64-linux-gnu-ubuntu-18.04/lib/clang/16/include -internal-isystem /usr/local/include -internal-isystem /usr/lib/gcc/x86_64-linux-gnu/12/../../../../x86_64-linux-gnu/include -internal-externc-isystem /usr/include/x86_64-linux-gnu -internal-externc-isystem /include -internal-externc-isystem /usr/include -std=c++17 -fdeprecated-macro -fdebug-compilation-dir=/home/holmes/Cpp/demo/build/CMakeFiles/CMakeTmp -ferror-limit 19 -fgnuc-version=4.2.1 -fcxx-exceptions -fexceptions -faddrsig -D__GCC_HAVE_DWARF2_CFI_ASM=1 -o CMakeFiles/cmTC_cedba.dir/CMakeCXXCompilerABI.cpp.o -x c++ /usr/share/cmake-3.24/Modules/CMakeCXXCompilerABI.cpp
clang -cc1 version 16.0.0 based upon LLVM 16.0.0 default target x86_64-unknown-linux-gnu
ignoring nonexistent directory "/usr/lib/gcc/x86_64-linux-gnu/12/../../../../x86_64-linux-gnu/include"
ignoring nonexistent directory "/include"
#include "..." search starts here:
#include <...> search starts here:
 /home/holmes/clang+llvm-16.0.0-x86_64-linux-gnu-ubuntu-18.04/lib/clang/16/include
 /usr/local/include
 /usr/include/x86_64-linux-gnu
 /usr/include
End of search list.
Linking CXX executable cmTC_cedba
/usr/bin/cmake -E cmake_link_script CMakeFiles/cmTC_cedba.dir/link.txt --verbose=1
/home/holmes/clang+llvm-16.0.0-x86_64-linux-gnu-ubuntu-18.04/bin/clang++ -std=c++17   -v -rdynamic CMakeFiles/cmTC_cedba.dir/CMakeCXXCompilerABI.cpp.o -o cmTC_cedba 
clang version 16.0.0
Target: x86_64-unknown-linux-gnu
Thread model: posix
InstalledDir: /home/holmes/clang+llvm-16.0.0-x86_64-linux-gnu-ubuntu-18.04/bin
Found candidate GCC installation: /usr/lib/gcc/x86_64-linux-gnu/12
Selected GCC installation: /usr/lib/gcc/x86_64-linux-gnu/12
Candidate multilib: .;@m64
Selected multilib: .;@m64
 "/usr/bin/ld" -pie -export-dynamic -z relro --hash-style=gnu --eh-frame-hdr -m elf_x86_64 -export-dynamic -dynamic-linker /lib64/ld-linux-x86-64.so.2 -o cmTC_cedba /lib/x86_64-linux-gnu/Scrt1.o /lib/x86_64-linux-gnu/crti.o /usr/lib/gcc/x86_64-linux-gnu/12/crtbeginS.o -L/home/holmes/clang+llvm-16.0.0-x86_64-linux-gnu-ubuntu-18.04/bin/../lib/x86_64-unknown-linux-gnu -L/usr/lib/gcc/x86_64-linux-gnu/12 -L/usr/lib/gcc/x86_64-linux-gnu/12/../../../../lib64 -L/lib/x86_64-linux-gnu -L/lib/../lib64 -L/usr/lib/x86_64-linux-gnu -L/usr/lib/../lib64 -L/lib -L/usr/lib CMakeFiles/cmTC_cedba.dir/CMakeCXXCompilerABI.cpp.o -lstdc++ -lm -lgcc_s -lgcc -lc -lgcc_s -lgcc /usr/lib/gcc/x86_64-linux-gnu/12/crtendS.o /lib/x86_64-linux-gnu/crtn.o
/usr/bin/ld: cannot find -lstdc++: No such file or directory
clang-16: error: linker command failed with exit code 1 (use -v to see invocation)
gmake[1]: *** [CMakeFiles/cmTC_cedba.dir/build.make:100: cmTC_cedba] Error 1
gmake[1]: Leaving directory '/home/holmes/Cpp/demo/build/CMakeFiles/CMakeTmp'
gmake: *** [Makefile:127: cmTC_cedba/fast] Error 2




Determining if the CXX compiler works failed with the following output:
Change Dir: /home/holmes/Cpp/demo/build/CMakeFiles/CMakeTmp

Run Build Command(s):/usr/bin/gmake -f Makefile cmTC_39e02/fast && /usr/bin/gmake  -f CMakeFiles/cmTC_39e02.dir/build.make CMakeFiles/cmTC_39e02.dir/build
gmake[1]: 进入目录“/home/holmes/Cpp/demo/build/CMakeFiles/CMakeTmp”
Building CXX object CMakeFiles/cmTC_39e02.dir/testCXXCompiler.cxx.o
/home/holmes/clang+llvm-16.0.0-x86_64-linux-gnu-ubuntu-18.04/bin/clang++   -std=c++17  -MD -MT CMakeFiles/cmTC_39e02.dir/testCXXCompiler.cxx.o -MF CMakeFiles/cmTC_39e02.dir/testCXXCompiler.cxx.o.d -o CMakeFiles/cmTC_39e02.dir/testCXXCompiler.cxx.o -c /home/holmes/Cpp/demo/build/CMakeFiles/CMakeTmp/testCXXCompiler.cxx
Linking CXX executable cmTC_39e02
/usr/bin/cmake -E cmake_link_script CMakeFiles/cmTC_39e02.dir/link.txt --verbose=1
/home/holmes/clang+llvm-16.0.0-x86_64-linux-gnu-ubuntu-18.04/bin/clang++ -std=c++17  -rdynamic CMakeFiles/cmTC_39e02.dir/testCXXCompiler.cxx.o -o cmTC_39e02 
/usr/bin/ld: 找不到 -lstdc++: 没有那个文件或目录
clang-16: error: linker command failed with exit code 1 (use -v to see invocation)
gmake[1]: *** [CMakeFiles/cmTC_39e02.dir/build.make:100：cmTC_39e02] 错误 1
gmake[1]: 离开目录“/home/holmes/Cpp/demo/build/CMakeFiles/CMakeTmp”
gmake: *** [Makefile:127：cmTC_39e02/fast] 错误 2



Compiling the CXX compiler identification source file "CMakeCXXCompilerId.cpp" failed.
Compiler: /home/holmes/clang+llvm-16.0.0-x86_64-linux-gnu-ubuntu-18.04/bin/clang++ 
Build flags: -std=c++17
Id flags:  

The output was:
1
/usr/bin/ld: 找不到 -lstdc++: 没有那个文件或目录
clang-16: error: linker command failed with exit code 1 (use -v to see invocation)


Detecting CXX compiler ABI info failed to compile with the following output:
Change Dir: /home/holmes/Cpp/demo/build/CMakeFiles/CMakeTmp

Run Build Command(s):/usr/bin/gmake -f Makefile cmTC_3623f/fast && /usr/bin/gmake  -f CMakeFiles/cmTC_3623f.dir/build.make CMakeFiles/cmTC_3623f.dir/build
gmake[1]: Entering directory '/home/holmes/Cpp/demo/build/CMakeFiles/CMakeTmp'
Building CXX object CMakeFiles/cmTC_3623f.dir/CMakeCXXCompilerABI.cpp.o
/home/holmes/clang+llvm-16.0.0-x86_64-linux-gnu-ubuntu-18.04/bin/clang++   -std=c++17    -v -MD -MT CMakeFiles/cmTC_3623f.dir/CMakeCXXCompilerABI.cpp.o -MF CMakeFiles/cmTC_3623f.dir/CMakeCXXCompilerABI.cpp.o.d -o CMakeFiles/cmTC_3623f.dir/CMakeCXXCompilerABI.cpp.o -c /usr/share/cmake-3.24/Modules/CMakeCXXCompilerABI.cpp
clang version 16.0.0
Target: x86_64-unknown-linux-gnu
Thread model: posix
InstalledDir: /home/holmes/clang+llvm-16.0.0-x86_64-linux-gnu-ubuntu-18.04/bin
Found candidate GCC installation: /usr/lib/gcc/x86_64-linux-gnu/12
Selected GCC installation: /usr/lib/gcc/x86_64-linux-gnu/12
Candidate multilib: .;@m64
Selected multilib: .;@m64
 (in-process)
 "/home/holmes/clang+llvm-16.0.0-x86_64-linux-gnu-ubuntu-18.04/bin/clang-16" -cc1 -triple x86_64-unknown-linux-gnu -emit-obj -mrelax-all -disable-free -clear-ast-before-backend -disable-llvm-verifier -discard-value-names -main-file-name CMakeCXXCompilerABI.cpp -mrelocation-model pic -pic-level 2 -pic-is-pie -mframe-pointer=all -fmath-errno -ffp-contract=on -fno-rounding-math -mconstructor-aliases -funwind-tables=2 -target-cpu x86-64 -tune-cpu generic -mllvm -treat-scalable-fixed-error-as-warning -debugger-tuning=gdb -v -fcoverage-compilation-dir=/home/holmes/Cpp/demo/build/CMakeFiles/CMakeTmp -resource-dir /home/holmes/clang+llvm-16.0.0-x86_64-linux-gnu-ubuntu-18.04/lib/clang/16 -dependency-file CMakeFiles/cmTC_3623f.dir/CMakeCXXCompilerABI.cpp.o.d -MT CMakeFiles/cmTC_3623f.dir/CMakeCXXCompilerABI.cpp.o -sys-header-deps -internal-isystem /home/holmes/clang+llvm-16.0.0-x86_64-linux-gnu-ubuntu-18.04/lib/clang/16/include -internal-isystem /usr/local/include -internal-isystem /usr/lib/gcc/x86_64-linux-gnu/12/../../../../x86_64-linux-gnu/include -internal-externc-isystem /usr/include/x86_64-linux-gnu -internal-externc-isystem /include -internal-externc-isystem /usr/include -std=c++17 -fdeprecated-macro -fdebug-compilation-dir=/home/holmes/Cpp/demo/build/CMakeFiles/CMakeTmp -ferror-limit 19 -fgnuc-version=4.2.1 -fcxx-exceptions -fexceptions -faddrsig -D__GCC_HAVE_DWARF2_CFI_ASM=1 -o CMakeFiles/cmTC_3623f.dir/CMakeCXXCompilerABI.cpp.o -x c++ /usr/share/cmake-3.24/Modules/CMakeCXXCompilerABI.cpp
clang -cc1 version 16.0.0 based upon LLVM 16.0.0 default target x86_64-unknown-linux-gnu
ignoring nonexistent directory "/usr/lib/gcc/x86_64-linux-gnu/12/../../../../x86_64-linux-gnu/include"
ignoring nonexistent directory "/include"
#include "..." search starts here:
#include <...> search starts here:
 /home/holmes/clang+llvm-16.0.0-x86_64-linux-gnu-ubuntu-18.04/lib/clang/16/include
 /usr/local/include
 /usr/include/x86_64-linux-gnu
 /usr/include
End of search list.
Linking CXX executable cmTC_3623f
/usr/bin/cmake -E cmake_link_script CMakeFiles/cmTC_3623f.dir/link.txt --verbose=1
/home/holmes/clang+llvm-16.0.0-x86_64-linux-gnu-ubuntu-18.04/bin/clang++ -std=c++17   -v -rdynamic CMakeFiles/cmTC_3623f.dir/CMakeCXXCompilerABI.cpp.o -o cmTC_3623f 
clang version 16.0.0
Target: x86_64-unknown-linux-gnu
Thread model: posix
InstalledDir: /home/holmes/clang+llvm-16.0.0-x86_64-linux-gnu-ubuntu-18.04/bin
Found candidate GCC installation: /usr/lib/gcc/x86_64-linux-gnu/12
Selected GCC installation: /usr/lib/gcc/x86_64-linux-gnu/12
Candidate multilib: .;@m64
Selected multilib: .;@m64
 "/usr/bin/ld" -pie -export-dynamic -z relro --hash-style=gnu --eh-frame-hdr -m elf_x86_64 -export-dynamic -dynamic-linker /lib64/ld-linux-x86-64.so.2 -o cmTC_3623f /lib/x86_64-linux-gnu/Scrt1.o /lib/x86_64-linux-gnu/crti.o /usr/lib/gcc/x86_64-linux-gnu/12/crtbeginS.o -L/home/holmes/clang+llvm-16.0.0-x86_64-linux-gnu-ubuntu-18.04/bin/../lib/x86_64-unknown-linux-gnu -L/usr/lib/gcc/x86_64-linux-gnu/12 -L/usr/lib/gcc/x86_64-linux-gnu/12/../../../../lib64 -L/lib/x86_64-linux-gnu -L/lib/../lib64 -L/usr/lib/x86_64-linux-gnu -L/usr/lib/../lib64 -L/lib -L/usr/lib CMakeFiles/cmTC_3623f.dir/CMakeCXXCompilerABI.cpp.o -lstdc++ -lm -lgcc_s -lgcc -lc -lgcc_s -lgcc /usr/lib/gcc/x86_64-linux-gnu/12/crtendS.o /lib/x86_64-linux-gnu/crtn.o
/usr/bin/ld: cannot find -lstdc++: No such file or directory
clang-16: error: linker command failed with exit code 1 (use -v to see invocation)
gmake[1]: *** [CMakeFiles/cmTC_3623f.dir/build.make:100: cmTC_3623f] Error 1
gmake[1]: Leaving directory '/home/holmes/Cpp/demo/build/CMakeFiles/CMakeTmp'
gmake: *** [Makefile:127: cmTC_3623f/fast] Error 2




Determining if the CXX compiler works failed with the following output:
Change Dir: /home/holmes/Cpp/demo/build/CMakeFiles/CMakeTmp

Run Build Command(s):/usr/bin/gmake -f Makefile cmTC_b16c2/fast && /usr/bin/gmake  -f CMakeFiles/cmTC_b16c2.dir/build.make CMakeFiles/cmTC_b16c2.dir/build
gmake[1]: 进入目录“/home/holmes/Cpp/demo/build/CMakeFiles/CMakeTmp”
Building CXX object CMakeFiles/cmTC_b16c2.dir/testCXXCompiler.cxx.o
/home/holmes/clang+llvm-16.0.0-x86_64-linux-gnu-ubuntu-18.04/bin/clang++   -std=c++17  -MD -MT CMakeFiles/cmTC_b16c2.dir/testCXXCompiler.cxx.o -MF CMakeFiles/cmTC_b16c2.dir/testCXXCompiler.cxx.o.d -o CMakeFiles/cmTC_b16c2.dir/testCXXCompiler.cxx.o -c /home/holmes/Cpp/demo/build/CMakeFiles/CMakeTmp/testCXXCompiler.cxx
Linking CXX executable cmTC_b16c2
/usr/bin/cmake -E cmake_link_script CMakeFiles/cmTC_b16c2.dir/link.txt --verbose=1
/home/holmes/clang+llvm-16.0.0-x86_64-linux-gnu-ubuntu-18.04/bin/clang++ -std=c++17  -rdynamic CMakeFiles/cmTC_b16c2.dir/testCXXCompiler.cxx.o -o cmTC_b16c2 
/usr/bin/ld: 找不到 -lstdc++: 没有那个文件或目录
clang-16: error: linker command failed with exit code 1 (use -v to see invocation)
gmake[1]: *** [CMakeFiles/cmTC_b16c2.dir/build.make:100：cmTC_b16c2] 错误 1
gmake[1]: 离开目录“/home/holmes/Cpp/demo/build/CMakeFiles/CMakeTmp”
gmake: *** [Makefile:127：cmTC_b16c2/fast] 错误 2



Compiling the CXX compiler identification source file "CMakeCXXCompilerId.cpp" failed.
Compiler: /home/holmes/clang+llvm-16.0.0-x86_64-linux-gnu-ubuntu-18.04/bin/clang++ 
Build flags: -std=c++17
Id flags:  

The output was:
1
/usr/bin/ld: 找不到 -lstdc++: 没有那个文件或目录
clang-16: error: linker command failed with exit code 1 (use -v to see invocation)


Detecting CXX compiler ABI info failed to compile with the following output:
Change Dir: /home/holmes/Cpp/demo/build/CMakeFiles/CMakeTmp

Run Build Command(s):/usr/bin/gmake -f Makefile cmTC_e9745/fast && /usr/bin/gmake  -f CMakeFiles/cmTC_e9745.dir/build.make CMakeFiles/cmTC_e9745.dir/build
gmake[1]: Entering directory '/home/holmes/Cpp/demo/build/CMakeFiles/CMakeTmp'
Building CXX object CMakeFiles/cmTC_e9745.dir/CMakeCXXCompilerABI.cpp.o
/home/holmes/clang+llvm-16.0.0-x86_64-linux-gnu-ubuntu-18.04/bin/clang++   -std=c++17    -v -MD -MT CMakeFiles/cmTC_e9745.dir/CMakeCXXCompilerABI.cpp.o -MF CMakeFiles/cmTC_e9745.dir/CMakeCXXCompilerABI.cpp.o.d -o CMakeFiles/cmTC_e9745.dir/CMakeCXXCompilerABI.cpp.o -c /usr/share/cmake-3.24/Modules/CMakeCXXCompilerABI.cpp
clang version 16.0.0
Target: x86_64-unknown-linux-gnu
Thread model: posix
InstalledDir: /home/holmes/clang+llvm-16.0.0-x86_64-linux-gnu-ubuntu-18.04/bin
Found candidate GCC installation: /usr/lib/gcc/x86_64-linux-gnu/12
Selected GCC installation: /usr/lib/gcc/x86_64-linux-gnu/12
Candidate multilib: .;@m64
Selected multilib: .;@m64
 (in-process)
 "/home/holmes/clang+llvm-16.0.0-x86_64-linux-gnu-ubuntu-18.04/bin/clang-16" -cc1 -triple x86_64-unknown-linux-gnu -emit-obj -mrelax-all -disable-free -clear-ast-before-backend -disable-llvm-verifier -discard-value-names -main-file-name CMakeCXXCompilerABI.cpp -mrelocation-model pic -pic-level 2 -pic-is-pie -mframe-pointer=all -fmath-errno -ffp-contract=on -fno-rounding-math -mconstructor-aliases -funwind-tables=2 -target-cpu x86-64 -tune-cpu generic -mllvm -treat-scalable-fixed-error-as-warning -debugger-tuning=gdb -v -fcoverage-compilation-dir=/home/holmes/Cpp/demo/build/CMakeFiles/CMakeTmp -resource-dir /home/holmes/clang+llvm-16.0.0-x86_64-linux-gnu-ubuntu-18.04/lib/clang/16 -dependency-file CMakeFiles/cmTC_e9745.dir/CMakeCXXCompilerABI.cpp.o.d -MT CMakeFiles/cmTC_e9745.dir/CMakeCXXCompilerABI.cpp.o -sys-header-deps -internal-isystem /home/holmes/clang+llvm-16.0.0-x86_64-linux-gnu-ubuntu-18.04/lib/clang/16/include -internal-isystem /usr/local/include -internal-isystem /usr/lib/gcc/x86_64-linux-gnu/12/../../../../x86_64-linux-gnu/include -internal-externc-isystem /usr/include/x86_64-linux-gnu -internal-externc-isystem /include -internal-externc-isystem /usr/include -std=c++17 -fdeprecated-macro -fdebug-compilation-dir=/home/holmes/Cpp/demo/build/CMakeFiles/CMakeTmp -ferror-limit 19 -fgnuc-version=4.2.1 -fcxx-exceptions -fexceptions -faddrsig -D__GCC_HAVE_DWARF2_CFI_ASM=1 -o CMakeFiles/cmTC_e9745.dir/CMakeCXXCompilerABI.cpp.o -x c++ /usr/share/cmake-3.24/Modules/CMakeCXXCompilerABI.cpp
clang -cc1 version 16.0.0 based upon LLVM 16.0.0 default target x86_64-unknown-linux-gnu
ignoring nonexistent directory "/usr/lib/gcc/x86_64-linux-gnu/12/../../../../x86_64-linux-gnu/include"
ignoring nonexistent directory "/include"
#include "..." search starts here:
#include <...> search starts here:
 /home/holmes/clang+llvm-16.0.0-x86_64-linux-gnu-ubuntu-18.04/lib/clang/16/include
 /usr/local/include
 /usr/include/x86_64-linux-gnu
 /usr/include
End of search list.
Linking CXX executable cmTC_e9745
/usr/bin/cmake -E cmake_link_script CMakeFiles/cmTC_e9745.dir/link.txt --verbose=1
/home/holmes/clang+llvm-16.0.0-x86_64-linux-gnu-ubuntu-18.04/bin/clang++ -std=c++17   -v -rdynamic CMakeFiles/cmTC_e9745.dir/CMakeCXXCompilerABI.cpp.o -o cmTC_e9745 
clang version 16.0.0
Target: x86_64-unknown-linux-gnu
Thread model: posix
InstalledDir: /home/holmes/clang+llvm-16.0.0-x86_64-linux-gnu-ubuntu-18.04/bin
Found candidate GCC installation: /usr/lib/gcc/x86_64-linux-gnu/12
Selected GCC installation: /usr/lib/gcc/x86_64-linux-gnu/12
Candidate multilib: .;@m64
Selected multilib: .;@m64
 "/usr/bin/ld" -pie -export-dynamic -z relro --hash-style=gnu --eh-frame-hdr -m elf_x86_64 -export-dynamic -dynamic-linker /lib64/ld-linux-x86-64.so.2 -o cmTC_e9745 /lib/x86_64-linux-gnu/Scrt1.o /lib/x86_64-linux-gnu/crti.o /usr/lib/gcc/x86_64-linux-gnu/12/crtbeginS.o -L/home/holmes/clang+llvm-16.0.0-x86_64-linux-gnu-ubuntu-18.04/bin/../lib/x86_64-unknown-linux-gnu -L/usr/lib/gcc/x86_64-linux-gnu/12 -L/usr/lib/gcc/x86_64-linux-gnu/12/../../../../lib64 -L/lib/x86_64-linux-gnu -L/lib/../lib64 -L/usr/lib/x86_64-linux-gnu -L/usr/lib/../lib64 -L/lib -L/usr/lib CMakeFiles/cmTC_e9745.dir/CMakeCXXCompilerABI.cpp.o -lstdc++ -lm -lgcc_s -lgcc -lc -lgcc_s -lgcc /usr/lib/gcc/x86_64-linux-gnu/12/crtendS.o /lib/x86_64-linux-gnu/crtn.o
/usr/bin/ld: cannot find -lstdc++: No such file or directory
clang-16: error: linker command failed with exit code 1 (use -v to see invocation)
gmake[1]: *** [CMakeFiles/cmTC_e9745.dir/build.make:100: cmTC_e9745] Error 1
gmake[1]: Leaving directory '/home/holmes/Cpp/demo/build/CMakeFiles/CMakeTmp'
gmake: *** [Makefile:127: cmTC_e9745/fast] Error 2




Determining if the CXX compiler works failed with the following output:
Change Dir: /home/holmes/Cpp/demo/build/CMakeFiles/CMakeTmp

Run Build Command(s):/usr/bin/gmake -f Makefile cmTC_25279/fast && /usr/bin/gmake  -f CMakeFiles/cmTC_25279.dir/build.make CMakeFiles/cmTC_25279.dir/build
gmake[1]: 进入目录“/home/holmes/Cpp/demo/build/CMakeFiles/CMakeTmp”
Building CXX object CMakeFiles/cmTC_25279.dir/testCXXCompiler.cxx.o
/home/holmes/clang+llvm-16.0.0-x86_64-linux-gnu-ubuntu-18.04/bin/clang++   -std=c++17  -MD -MT CMakeFiles/cmTC_25279.dir/testCXXCompiler.cxx.o -MF CMakeFiles/cmTC_25279.dir/testCXXCompiler.cxx.o.d -o CMakeFiles/cmTC_25279.dir/testCXXCompiler.cxx.o -c /home/holmes/Cpp/demo/build/CMakeFiles/CMakeTmp/testCXXCompiler.cxx
Linking CXX executable cmTC_25279
/usr/bin/cmake -E cmake_link_script CMakeFiles/cmTC_25279.dir/link.txt --verbose=1
/home/holmes/clang+llvm-16.0.0-x86_64-linux-gnu-ubuntu-18.04/bin/clang++ -std=c++17  -rdynamic CMakeFiles/cmTC_25279.dir/testCXXCompiler.cxx.o -o cmTC_25279 
/usr/bin/ld: 找不到 -lstdc++: 没有那个文件或目录
clang-16: error: linker command failed with exit code 1 (use -v to see invocation)
gmake[1]: *** [CMakeFiles/cmTC_25279.dir/build.make:100：cmTC_25279] 错误 1
gmake[1]: 离开目录“/home/holmes/Cpp/demo/build/CMakeFiles/CMakeTmp”
gmake: *** [Makefile:127：cmTC_25279/fast] 错误 2



Compiling the CXX compiler identification source file "CMakeCXXCompilerId.cpp" failed.
Compiler: /home/holmes/clang+llvm-16.0.0-x86_64-linux-gnu-ubuntu-18.04/bin/clang++ 
Build flags: -std=c++17
Id flags:  

The output was:
1
/usr/bin/ld: 找不到 -lstdc++: 没有那个文件或目录
clang-16: error: linker command failed with exit code 1 (use -v to see invocation)


Detecting CXX compiler ABI info failed to compile with the following output:
Change Dir: /home/holmes/Cpp/demo/build/CMakeFiles/CMakeTmp

Run Build Command(s):/usr/bin/gmake -f Makefile cmTC_26c4d/fast && /usr/bin/gmake  -f CMakeFiles/cmTC_26c4d.dir/build.make CMakeFiles/cmTC_26c4d.dir/build
gmake[1]: Entering directory '/home/holmes/Cpp/demo/build/CMakeFiles/CMakeTmp'
Building CXX object CMakeFiles/cmTC_26c4d.dir/CMakeCXXCompilerABI.cpp.o
/home/holmes/clang+llvm-16.0.0-x86_64-linux-gnu-ubuntu-18.04/bin/clang++   -std=c++17    -v -MD -MT CMakeFiles/cmTC_26c4d.dir/CMakeCXXCompilerABI.cpp.o -MF CMakeFiles/cmTC_26c4d.dir/CMakeCXXCompilerABI.cpp.o.d -o CMakeFiles/cmTC_26c4d.dir/CMakeCXXCompilerABI.cpp.o -c /usr/share/cmake-3.24/Modules/CMakeCXXCompilerABI.cpp
clang version 16.0.0
Target: x86_64-unknown-linux-gnu
Thread model: posix
InstalledDir: /home/holmes/clang+llvm-16.0.0-x86_64-linux-gnu-ubuntu-18.04/bin
Found candidate GCC installation: /usr/lib/gcc/x86_64-linux-gnu/12
Selected GCC installation: /usr/lib/gcc/x86_64-linux-gnu/12
Candidate multilib: .;@m64
Selected multilib: .;@m64
 (in-process)
 "/home/holmes/clang+llvm-16.0.0-x86_64-linux-gnu-ubuntu-18.04/bin/clang-16" -cc1 -triple x86_64-unknown-linux-gnu -emit-obj -mrelax-all -disable-free -clear-ast-before-backend -disable-llvm-verifier -discard-value-names -main-file-name CMakeCXXCompilerABI.cpp -mrelocation-model pic -pic-level 2 -pic-is-pie -mframe-pointer=all -fmath-errno -ffp-contract=on -fno-rounding-math -mconstructor-aliases -funwind-tables=2 -target-cpu x86-64 -tune-cpu generic -mllvm -treat-scalable-fixed-error-as-warning -debugger-tuning=gdb -v -fcoverage-compilation-dir=/home/holmes/Cpp/demo/build/CMakeFiles/CMakeTmp -resource-dir /home/holmes/clang+llvm-16.0.0-x86_64-linux-gnu-ubuntu-18.04/lib/clang/16 -dependency-file CMakeFiles/cmTC_26c4d.dir/CMakeCXXCompilerABI.cpp.o.d -MT CMakeFiles/cmTC_26c4d.dir/CMakeCXXCompilerABI.cpp.o -sys-header-deps -internal-isystem /home/holmes/clang+llvm-16.0.0-x86_64-linux-gnu-ubuntu-18.04/lib/clang/16/include -internal-isystem /usr/local/include -internal-isystem /usr/lib/gcc/x86_64-linux-gnu/12/../../../../x86_64-linux-gnu/include -internal-externc-isystem /usr/include/x86_64-linux-gnu -internal-externc-isystem /include -internal-externc-isystem /usr/include -std=c++17 -fdeprecated-macro -fdebug-compilation-dir=/home/holmes/Cpp/demo/build/CMakeFiles/CMakeTmp -ferror-limit 19 -fgnuc-version=4.2.1 -fcxx-exceptions -fexceptions -faddrsig -D__GCC_HAVE_DWARF2_CFI_ASM=1 -o CMakeFiles/cmTC_26c4d.dir/CMakeCXXCompilerABI.cpp.o -x c++ /usr/share/cmake-3.24/Modules/CMakeCXXCompilerABI.cpp
clang -cc1 version 16.0.0 based upon LLVM 16.0.0 default target x86_64-unknown-linux-gnu
ignoring nonexistent directory "/usr/lib/gcc/x86_64-linux-gnu/12/../../../../x86_64-linux-gnu/include"
ignoring nonexistent directory "/include"
#include "..." search starts here:
#include <...> search starts here:
 /home/holmes/clang+llvm-16.0.0-x86_64-linux-gnu-ubuntu-18.04/lib/clang/16/include
 /usr/local/include
 /usr/include/x86_64-linux-gnu
 /usr/include
End of search list.
Linking CXX executable cmTC_26c4d
/usr/bin/cmake -E cmake_link_script CMakeFiles/cmTC_26c4d.dir/link.txt --verbose=1
/home/holmes/clang+llvm-16.0.0-x86_64-linux-gnu-ubuntu-18.04/bin/clang++ -std=c++17   -v -rdynamic CMakeFiles/cmTC_26c4d.dir/CMakeCXXCompilerABI.cpp.o -o cmTC_26c4d 
clang version 16.0.0
Target: x86_64-unknown-linux-gnu
Thread model: posix
InstalledDir: /home/holmes/clang+llvm-16.0.0-x86_64-linux-gnu-ubuntu-18.04/bin
Found candidate GCC installation: /usr/lib/gcc/x86_64-linux-gnu/12
Selected GCC installation: /usr/lib/gcc/x86_64-linux-gnu/12
Candidate multilib: .;@m64
Selected multilib: .;@m64
 "/usr/bin/ld" -pie -export-dynamic -z relro --hash-style=gnu --eh-frame-hdr -m elf_x86_64 -export-dynamic -dynamic-linker /lib64/ld-linux-x86-64.so.2 -o cmTC_26c4d /lib/x86_64-linux-gnu/Scrt1.o /lib/x86_64-linux-gnu/crti.o /usr/lib/gcc/x86_64-linux-gnu/12/crtbeginS.o -L/home/holmes/clang+llvm-16.0.0-x86_64-linux-gnu-ubuntu-18.04/bin/../lib/x86_64-unknown-linux-gnu -L/usr/lib/gcc/x86_64-linux-gnu/12 -L/usr/lib/gcc/x86_64-linux-gnu/12/../../../../lib64 -L/lib/x86_64-linux-gnu -L/lib/../lib64 -L/usr/lib/x86_64-linux-gnu -L/usr/lib/../lib64 -L/lib -L/usr/lib CMakeFiles/cmTC_26c4d.dir/CMakeCXXCompilerABI.cpp.o -lstdc++ -lm -lgcc_s -lgcc -lc -lgcc_s -lgcc /usr/lib/gcc/x86_64-linux-gnu/12/crtendS.o /lib/x86_64-linux-gnu/crtn.o
/usr/bin/ld: cannot find -lstdc++: No such file or directory
clang-16: error: linker command failed with exit code 1 (use -v to see invocation)
gmake[1]: *** [CMakeFiles/cmTC_26c4d.dir/build.make:100: cmTC_26c4d] Error 1
gmake[1]: Leaving directory '/home/holmes/Cpp/demo/build/CMakeFiles/CMakeTmp'
gmake: *** [Makefile:127: cmTC_26c4d/fast] Error 2




Determining if the CXX compiler works failed with the following output:
Change Dir: /home/holmes/Cpp/demo/build/CMakeFiles/CMakeTmp

Run Build Command(s):/usr/bin/gmake -f Makefile cmTC_4abd4/fast && /usr/bin/gmake  -f CMakeFiles/cmTC_4abd4.dir/build.make CMakeFiles/cmTC_4abd4.dir/build
gmake[1]: 进入目录“/home/holmes/Cpp/demo/build/CMakeFiles/CMakeTmp”
Building CXX object CMakeFiles/cmTC_4abd4.dir/testCXXCompiler.cxx.o
/home/holmes/clang+llvm-16.0.0-x86_64-linux-gnu-ubuntu-18.04/bin/clang++   -std=c++17  -MD -MT CMakeFiles/cmTC_4abd4.dir/testCXXCompiler.cxx.o -MF CMakeFiles/cmTC_4abd4.dir/testCXXCompiler.cxx.o.d -o CMakeFiles/cmTC_4abd4.dir/testCXXCompiler.cxx.o -c /home/holmes/Cpp/demo/build/CMakeFiles/CMakeTmp/testCXXCompiler.cxx
Linking CXX executable cmTC_4abd4
/usr/bin/cmake -E cmake_link_script CMakeFiles/cmTC_4abd4.dir/link.txt --verbose=1
/home/holmes/clang+llvm-16.0.0-x86_64-linux-gnu-ubuntu-18.04/bin/clang++ -std=c++17  -rdynamic CMakeFiles/cmTC_4abd4.dir/testCXXCompiler.cxx.o -o cmTC_4abd4 
/usr/bin/ld: 找不到 -lstdc++: 没有那个文件或目录
clang-16: error: linker command failed with exit code 1 (use -v to see invocation)
gmake[1]: *** [CMakeFiles/cmTC_4abd4.dir/build.make:100：cmTC_4abd4] 错误 1
gmake[1]: 离开目录“/home/holmes/Cpp/demo/build/CMakeFiles/CMakeTmp”
gmake: *** [Makefile:127：cmTC_4abd4/fast] 错误 2



Compiling the CXX compiler identification source file "CMakeCXXCompilerId.cpp" failed.
Compiler: /home/holmes/clang+llvm-16.0.0-x86_64-linux-gnu-ubuntu-18.04/bin/clang++ 
Build flags: -std=c++17
Id flags:  

The output was:
No such file or directory


Compiling the CXX compiler identification source file "CMakeCXXCompilerId.cpp" failed.
Compiler: /home/holmes/clang+llvm-16.0.0-x86_64-linux-gnu-ubuntu-18.04/bin/clang++ 
Build flags: -std=c++17
Id flags: -c 

The output was:
No such file or directory


Compiling the CXX compiler identification source file "CMakeCXXCompilerId.cpp" failed.
Compiler: /home/holmes/clang+llvm-16.0.0-x86_64-linux-gnu-ubuntu-18.04/bin/clang++ 
Build flags: -std=c++17
Id flags: --c++ 

The output was:
No such file or directory


Compiling the CXX compiler identification source file "CMakeCXXCompilerId.cpp" failed.
Compiler: /home/holmes/clang+llvm-16.0.0-x86_64-linux-gnu-ubuntu-18.04/bin/clang++ 
Build flags: -std=c++17
Id flags: --ec++ 

The output was:
No such file or directory


Compiling the CXX compiler identification source file "CMakeCXXCompilerId.cpp" failed.
Compiler: /home/holmes/clang+llvm-16.0.0-x86_64-linux-gnu-ubuntu-18.04/bin/clang++ 
Build flags: -std=c++17
Id flags: --target=arm-arm-none-eabi;-mcpu=cortex-m3 

The output was:
No such file or directory


Compiling the CXX compiler identification source file "CMakeCXXCompilerId.cpp" failed.
Compiler: /home/holmes/clang+llvm-16.0.0-x86_64-linux-gnu-ubuntu-18.04/bin/clang++ 
Build flags: -std=c++17
Id flags: -c;-I__does_not_exist__ 

The output was:
No such file or directory


Compiling the CXX compiler identification source file "CMakeCXXCompilerId.cpp" failed.
Compiler: /home/holmes/clang+llvm-16.0.0-x86_64-linux-gnu-ubuntu-18.04/bin/clang++ 
Build flags: 
Id flags:  

The output was:
No such file or directory


Compiling the CXX compiler identification source file "CMakeCXXCompilerId.cpp" failed.
Compiler: /home/holmes/clang+llvm-16.0.0-x86_64-linux-gnu-ubuntu-18.04/bin/clang++ 
Build flags: 
Id flags: -c 

The output was:
No such file or directory


Compiling the CXX compiler identification source file "CMakeCXXCompilerId.cpp" failed.
Compiler: /home/holmes/clang+llvm-16.0.0-x86_64-linux-gnu-ubuntu-18.04/bin/clang++ 
Build flags: 
Id flags: --c++ 

The output was:
No such file or directory


Compiling the CXX compiler identification source file "CMakeCXXCompilerId.cpp" failed.
Compiler: /home/holmes/clang+llvm-16.0.0-x86_64-linux-gnu-ubuntu-18.04/bin/clang++ 
Build flags: 
Id flags: --ec++ 

The output was:
No such file or directory


Compiling the CXX compiler identification source file "CMakeCXXCompilerId.cpp" failed.
Compiler: /home/holmes/clang+llvm-16.0.0-x86_64-linux-gnu-ubuntu-18.04/bin/clang++ 
Build flags: 
Id flags: --target=arm-arm-none-eabi;-mcpu=cortex-m3 

The output was:
No such file or directory


Compiling the CXX compiler identification source file "CMakeCXXCompilerId.cpp" failed.
Compiler: /home/holmes/clang+llvm-16.0.0-x86_64-linux-gnu-ubuntu-18.04/bin/clang++ 
Build flags: 
Id flags: -c;-I__does_not_exist__ 

The output was:
No such file or directory


Checking whether the CXX compiler is IAR using "" did not match "IAR .+ Compiler":
Checking whether the CXX compiler is IAR using "" did not match "IAR .+ Compiler":
